2025-07-03 02:16:01 [info]: Banco de dados inicializado com sucesso
2025-07-03 02:17:16 [info]: Banco de dados inicializado com sucesso
2025-07-03 02:20:46 [info]: Servidor rodando na porta 3000
2025-07-03 02:20:46 [info]: Acesse: http://localhost:3000
2025-07-03 02:20:46 [info]: Banco de dados inicializado com sucesso
2025-07-03 02:20:52 [error]: Erro na aplicação: secret option required for sessions
Error: secret option required for sessions
    at session (/app/node_modules/express-session/index.js:204:12)
    at Layer.handleRequest (/app/node_modules/router/lib/layer.js:152:17)
    at trimPrefix (/app/node_modules/router/index.js:342:13)
    at /app/node_modules/router/index.js:297:9
    at processParams (/app/node_modules/router/index.js:582:12)
    at next (/app/node_modules/router/index.js:291:5)
    at cookieParser (/app/node_modules/cookie-parser/index.js:46:14)
    at Layer.handleRequest (/app/node_modules/router/lib/layer.js:152:17)
    at trimPrefix (/app/node_modules/router/index.js:342:13)
    at /app/node_modules/router/index.js:297:9
2025-07-03 02:20:52 [info]: GET / 500 7ms
2025-07-03 02:21:29 [error]: Erro na aplicação: secret option required for sessions
Error: secret option required for sessions
    at session (/app/node_modules/express-session/index.js:204:12)
    at Layer.handleRequest (/app/node_modules/router/lib/layer.js:152:17)
    at trimPrefix (/app/node_modules/router/index.js:342:13)
    at /app/node_modules/router/index.js:297:9
    at processParams (/app/node_modules/router/index.js:582:12)
    at next (/app/node_modules/router/index.js:291:5)
    at cookieParser (/app/node_modules/cookie-parser/index.js:46:14)
    at Layer.handleRequest (/app/node_modules/router/lib/layer.js:152:17)
    at trimPrefix (/app/node_modules/router/index.js:342:13)
    at /app/node_modules/router/index.js:297:9
2025-07-03 02:21:29 [info]: GET / 500 20ms
2025-07-03 02:21:29 [info]: GET /css/style.css 200 2ms
2025-07-03 02:21:29 [error]: Erro na aplicação: secret option required for sessions
Error: secret option required for sessions
    at session (/app/node_modules/express-session/index.js:204:12)
    at Layer.handleRequest (/app/node_modules/router/lib/layer.js:152:17)
    at trimPrefix (/app/node_modules/router/index.js:342:13)
    at /app/node_modules/router/index.js:297:9
    at processParams (/app/node_modules/router/index.js:582:12)
    at next (/app/node_modules/router/index.js:291:5)
    at cookieParser (/app/node_modules/cookie-parser/index.js:46:14)
    at Layer.handleRequest (/app/node_modules/router/lib/layer.js:152:17)
    at trimPrefix (/app/node_modules/router/index.js:342:13)
    at /app/node_modules/router/index.js:297:9
2025-07-03 02:21:29 [info]: GET /favicon.ico 500 9ms
2025-07-03 02:21:37 [error]: Erro na aplicação: secret option required for sessions
Error: secret option required for sessions
    at session (/app/node_modules/express-session/index.js:204:12)
    at Layer.handleRequest (/app/node_modules/router/lib/layer.js:152:17)
    at trimPrefix (/app/node_modules/router/index.js:342:13)
    at /app/node_modules/router/index.js:297:9
    at processParams (/app/node_modules/router/index.js:582:12)
    at next (/app/node_modules/router/index.js:291:5)
    at cookieParser (/app/node_modules/cookie-parser/index.js:46:14)
    at Layer.handleRequest (/app/node_modules/router/lib/layer.js:152:17)
    at trimPrefix (/app/node_modules/router/index.js:342:13)
    at /app/node_modules/router/index.js:297:9
2025-07-03 02:21:37 [info]: HEAD / 500 5ms
2025-07-03 02:22:25 [info]: Servidor rodando na porta 3000
2025-07-03 02:22:25 [info]: Acesse: http://localhost:3000
2025-07-03 02:22:25 [info]: Banco de dados inicializado com sucesso
2025-07-03 02:22:36 [error]: Erro na aplicação: secret option required for sessions
Error: secret option required for sessions
    at session (/app/node_modules/express-session/index.js:204:12)
    at Layer.handleRequest (/app/node_modules/router/lib/layer.js:152:17)
    at trimPrefix (/app/node_modules/router/index.js:342:13)
    at /app/node_modules/router/index.js:297:9
    at processParams (/app/node_modules/router/index.js:582:12)
    at next (/app/node_modules/router/index.js:291:5)
    at cookieParser (/app/node_modules/cookie-parser/index.js:46:14)
    at Layer.handleRequest (/app/node_modules/router/lib/layer.js:152:17)
    at trimPrefix (/app/node_modules/router/index.js:342:13)
    at /app/node_modules/router/index.js:297:9
2025-07-03 02:22:36 [info]: HEAD / 500 21ms
2025-07-03 02:23:09 [info]: Servidor rodando na porta 3000
2025-07-03 02:23:09 [info]: Acesse: http://localhost:3000
2025-07-03 02:23:09 [info]: Banco de dados inicializado com sucesso
2025-07-03 02:23:19 [info]: HEAD /login 200 19ms
2025-07-03 02:23:29 [info]: GET / 302 3ms
2025-07-03 02:23:29 [info]: GET /auth/login 404 8ms
2025-07-03 02:23:29 [info]: GET /css/style.css 304 2ms
2025-07-03 02:23:29 [info]: GET /favicon.ico 404 11ms
2025-07-03 02:23:30 [info]: GET /auth/login 404 5ms
2025-07-03 02:23:30 [info]: GET /css/style.css 304 1ms
2025-07-03 02:23:39 [info]: GET /auth/login 404 5ms
2025-07-03 02:23:39 [info]: GET /css/style.css 304 1ms
2025-07-03 02:23:40 [info]: GET /auth/login 404 5ms
2025-07-03 02:23:40 [info]: GET /css/style.css 304 1ms
2025-07-03 02:23:43 [info]: GET /login 200 5ms
2025-07-03 02:23:43 [info]: GET /css/style.css 304 1ms
2025-07-03 02:23:51 [info]: GET /register 200 4ms
2025-07-03 02:23:51 [info]: GET /css/style.css 304 1ms
2025-07-03 02:24:53 [info]: Servidor rodando na porta 3000
2025-07-03 02:24:53 [info]: Acesse: http://localhost:3000
2025-07-03 02:24:53 [info]: Banco de dados inicializado com sucesso
2025-07-03 02:24:57 [error]: Erro na aplicação: secret option required for sessions
Error: secret option required for sessions
    at session (/app/node_modules/express-session/index.js:204:12)
    at Layer.handleRequest (/app/node_modules/router/lib/layer.js:152:17)
    at trimPrefix (/app/node_modules/router/index.js:342:13)
    at /app/node_modules/router/index.js:297:9
    at processParams (/app/node_modules/router/index.js:582:12)
    at next (/app/node_modules/router/index.js:291:5)
    at cookieParser (/app/node_modules/cookie-parser/index.js:46:14)
    at Layer.handleRequest (/app/node_modules/router/lib/layer.js:152:17)
    at trimPrefix (/app/node_modules/router/index.js:342:13)
    at /app/node_modules/router/index.js:297:9
2025-07-03 02:24:57 [info]: GET / 500 21ms
2025-07-03 02:24:57 [error]: Erro na aplicação: secret option required for sessions
Error: secret option required for sessions
    at session (/app/node_modules/express-session/index.js:204:12)
    at Layer.handleRequest (/app/node_modules/router/lib/layer.js:152:17)
    at trimPrefix (/app/node_modules/router/index.js:342:13)
    at /app/node_modules/router/index.js:297:9
    at processParams (/app/node_modules/router/index.js:582:12)
    at next (/app/node_modules/router/index.js:291:5)
    at cookieParser (/app/node_modules/cookie-parser/index.js:46:14)
    at Layer.handleRequest (/app/node_modules/router/lib/layer.js:152:17)
    at trimPrefix (/app/node_modules/router/index.js:342:13)
    at /app/node_modules/router/index.js:297:9
2025-07-03 02:24:57 [info]: GET / 500 6ms
2025-07-03 02:24:57 [info]: GET /css/style.css 304 2ms
2025-07-03 02:25:00 [error]: Erro na aplicação: secret option required for sessions
Error: secret option required for sessions
    at session (/app/node_modules/express-session/index.js:204:12)
    at Layer.handleRequest (/app/node_modules/router/lib/layer.js:152:17)
    at trimPrefix (/app/node_modules/router/index.js:342:13)
    at /app/node_modules/router/index.js:297:9
    at processParams (/app/node_modules/router/index.js:582:12)
    at next (/app/node_modules/router/index.js:291:5)
    at cookieParser (/app/node_modules/cookie-parser/index.js:46:14)
    at Layer.handleRequest (/app/node_modules/router/lib/layer.js:152:17)
    at trimPrefix (/app/node_modules/router/index.js:342:13)
    at /app/node_modules/router/index.js:297:9
2025-07-03 02:25:00 [info]: GET / 500 5ms
2025-07-03 02:25:00 [info]: GET /css/style.css 304 0ms
2025-07-03 02:25:06 [error]: Erro na aplicação: secret option required for sessions
Error: secret option required for sessions
    at session (/app/node_modules/express-session/index.js:204:12)
    at Layer.handleRequest (/app/node_modules/router/lib/layer.js:152:17)
    at trimPrefix (/app/node_modules/router/index.js:342:13)
    at /app/node_modules/router/index.js:297:9
    at processParams (/app/node_modules/router/index.js:582:12)
    at next (/app/node_modules/router/index.js:291:5)
    at cookieParser (/app/node_modules/cookie-parser/index.js:46:14)
    at Layer.handleRequest (/app/node_modules/router/lib/layer.js:152:17)
    at trimPrefix (/app/node_modules/router/index.js:342:13)
    at /app/node_modules/router/index.js:297:9
2025-07-03 02:25:06 [info]: HEAD / 500 5ms
2025-07-03 02:25:37 [error]: Erro na aplicação: secret option required for sessions
Error: secret option required for sessions
    at session (/app/node_modules/express-session/index.js:204:12)
    at Layer.handleRequest (/app/node_modules/router/lib/layer.js:152:17)
    at trimPrefix (/app/node_modules/router/index.js:342:13)
    at /app/node_modules/router/index.js:297:9
    at processParams (/app/node_modules/router/index.js:582:12)
    at next (/app/node_modules/router/index.js:291:5)
    at cookieParser (/app/node_modules/cookie-parser/index.js:46:14)
    at Layer.handleRequest (/app/node_modules/router/lib/layer.js:152:17)
    at trimPrefix (/app/node_modules/router/index.js:342:13)
    at /app/node_modules/router/index.js:297:9
2025-07-03 02:25:37 [info]: HEAD /login 500 7ms
2025-07-03 02:25:50 [info]: Servidor rodando na porta 3000
2025-07-03 02:25:50 [info]: Acesse: http://localhost:3000
2025-07-03 02:25:50 [info]: Banco de dados inicializado com sucesso
2025-07-03 02:26:03 [error]: Erro na aplicação: secret option required for sessions
Error: secret option required for sessions
    at session (/app/node_modules/express-session/index.js:204:12)
    at Layer.handleRequest (/app/node_modules/router/lib/layer.js:152:17)
    at trimPrefix (/app/node_modules/router/index.js:342:13)
    at /app/node_modules/router/index.js:297:9
    at processParams (/app/node_modules/router/index.js:582:12)
    at next (/app/node_modules/router/index.js:291:5)
    at cookieParser (/app/node_modules/cookie-parser/index.js:46:14)
    at Layer.handleRequest (/app/node_modules/router/lib/layer.js:152:17)
    at trimPrefix (/app/node_modules/router/index.js:342:13)
    at /app/node_modules/router/index.js:297:9
2025-07-03 02:26:03 [info]: GET / 500 22ms
2025-07-03 02:26:44 [info]: Servidor rodando na porta 3000
2025-07-03 02:26:44 [info]: Acesse: http://localhost:3000
2025-07-03 02:26:44 [info]: Banco de dados inicializado com sucesso
2025-07-03 02:26:56 [error]: Erro na aplicação: secret option required for sessions
Error: secret option required for sessions
    at session (/app/node_modules/express-session/index.js:204:12)
    at Layer.handleRequest (/app/node_modules/router/lib/layer.js:152:17)
    at trimPrefix (/app/node_modules/router/index.js:342:13)
    at /app/node_modules/router/index.js:297:9
    at processParams (/app/node_modules/router/index.js:582:12)
    at next (/app/node_modules/router/index.js:291:5)
    at cookieParser (/app/node_modules/cookie-parser/index.js:46:14)
    at Layer.handleRequest (/app/node_modules/router/lib/layer.js:152:17)
    at trimPrefix (/app/node_modules/router/index.js:342:13)
    at /app/node_modules/router/index.js:297:9
2025-07-03 02:26:56 [info]: HEAD / 500 18ms
2025-07-03 02:27:52 [info]: Servidor rodando na porta 3000
2025-07-03 02:27:52 [info]: Acesse: http://localhost:3000
2025-07-03 02:27:52 [info]: Banco de dados inicializado com sucesso
2025-07-03 02:28:03 [info]: HEAD / 302 5ms
2025-07-03 02:28:09 [info]: GET / 302 2ms
2025-07-03 02:28:09 [info]: GET /login 304 17ms
2025-07-03 02:28:09 [info]: GET /css/style.css 304 1ms
2025-07-03 02:28:13 [info]: HEAD /login 200 4ms
2025-07-03 02:30:44 [info]: GET /register 304 7ms
2025-07-03 02:30:44 [info]: GET /css/style.css 304 1ms
2025-07-03 02:31:43 [info]: POST /api/auth/register 201 95ms
2025-07-03 02:32:06 [info]: GET /login 304 8ms
2025-07-03 02:32:06 [info]: GET /css/style.css 304 1ms
2025-07-03 02:32:07 [info]: POST /api/auth/login 200 63ms
2025-07-03 02:32:15 [info]: GET / 302 1ms
2025-07-03 02:32:15 [info]: GET /login 304 7ms
2025-07-03 02:32:15 [info]: GET /css/style.css 304 1ms
2025-07-03 02:32:20 [info]: POST /api/auth/login 200 59ms
2025-07-03 02:32:25 [info]: GET /register 304 4ms
2025-07-03 02:32:25 [info]: GET /css/style.css 304 1ms
2025-07-03 02:35:25 [info]: Servidor rodando na porta 3000
2025-07-03 02:35:25 [info]: Acesse: http://localhost:3000
2025-07-03 02:35:25 [info]: Banco de dados inicializado com sucesso
2025-07-03 02:35:39 [info]: HEAD /register 200 20ms
2025-07-03 02:35:45 [info]: GET /register 304 9ms
2025-07-03 02:35:45 [info]: GET /css/style.css 304 2ms
2025-07-03 02:35:54 [info]: POST /api/auth/register 200 22ms
2025-07-03 02:35:54 [info]: GET /css/style.css 304 0ms
2025-07-03 02:36:17 [info]: POST /api/auth/register 302 81ms
2025-07-03 02:36:17 [info]: GET /login 304 3ms
2025-07-03 02:36:17 [info]: GET /css/style.css 304 1ms
2025-07-03 02:36:24 [info]: POST /api/auth/login 200 62ms
2025-07-03 02:36:41 [info]: POST /api/auth/register 302 63ms
2025-07-03 02:36:41 [info]: POST /login 404 5ms
2025-07-03 02:38:16 [info]: Servidor rodando na porta 3000
2025-07-03 02:38:16 [info]: Acesse: http://localhost:3000
2025-07-03 02:38:16 [info]: Banco de dados inicializado com sucesso
2025-07-03 02:38:31 [info]: POST /auth/register 200 39ms
2025-07-03 02:38:53 [info]: POST /auth/register 302 82ms
2025-07-03 02:38:53 [info]: POST /login 404 6ms
2025-07-03 02:39:35 [info]: POST /auth/register 302 72ms
2025-07-03 02:39:45 [info]: GET / 302 5ms
2025-07-03 02:39:45 [info]: GET /login 304 5ms
2025-07-03 02:39:45 [info]: GET /css/style.css 304 1ms
2025-07-03 02:39:47 [info]: GET /register 200 6ms
2025-07-03 02:39:47 [info]: GET /css/style.css 304 0ms
2025-07-03 02:39:55 [info]: HEAD /login 200 5ms
2025-07-03 02:40:31 [info]: GET /login 304 6ms
2025-07-03 02:40:31 [info]: GET /css/style.css 304 1ms
2025-07-03 02:40:32 [info]: POST /api/auth/login 200 64ms
2025-07-03 02:43:09 [info]: Servidor rodando na porta 3000
2025-07-03 02:43:09 [info]: Acesse: http://localhost:3000
2025-07-03 02:43:09 [info]: Banco de dados inicializado com sucesso
2025-07-03 02:43:20 [info]: POST /api/auth/login 302 93ms
2025-07-03 02:43:20 [info]: GET / 200 24ms
2025-07-03 02:43:20 [info]: GET /css/style.css 304 1ms
2025-07-03 02:43:23 [info]: GET / 304 8ms
2025-07-03 02:43:23 [info]: GET /css/style.css 304 0ms
2025-07-03 02:43:23 [info]: GET / 304 5ms
2025-07-03 02:43:24 [info]: GET /css/style.css 304 0ms
2025-07-03 02:43:24 [info]: GET / 304 5ms
2025-07-03 02:43:24 [info]: GET /css/style.css 304 1ms
2025-07-03 02:43:24 [info]: GET / 304 4ms
2025-07-03 02:43:24 [info]: GET /css/style.css 304 0ms
2025-07-03 02:43:26 [info]: GET / 304 4ms
2025-07-03 02:43:26 [info]: GET /css/style.css 304 1ms
2025-07-03 02:43:27 [info]: POST /auth/logout 302 2ms
2025-07-03 02:43:27 [info]: GET /login 200 6ms
2025-07-03 02:43:27 [info]: GET /css/style.css 304 0ms
2025-07-03 02:43:29 [info]: GET / 302 1ms
2025-07-03 02:43:29 [info]: GET /login 304 5ms
2025-07-03 02:43:29 [info]: GET /css/style.css 304 1ms
2025-07-03 02:43:31 [info]: POST /auth/login 302 63ms
2025-07-03 02:43:31 [info]: GET / 200 4ms
2025-07-03 02:43:31 [info]: GET /css/style.css 304 0ms
2025-07-03 02:43:35 [info]: GET / 304 3ms
2025-07-03 02:43:35 [info]: GET /css/style.css 304 1ms
2025-07-03 02:43:35 [info]: GET / 304 4ms
2025-07-03 02:43:35 [info]: GET /css/style.css 304 0ms
2025-07-03 02:43:35 [info]: GET / 304 4ms
2025-07-03 02:43:35 [info]: GET /css/style.css 304 0ms
2025-07-03 02:43:42 [info]: POST /auth/logout 302 2ms
2025-07-03 02:43:42 [info]: GET /login 304 4ms
2025-07-03 02:43:42 [info]: GET /css/style.css 304 1ms
2025-07-03 02:43:52 [info]: HEAD /login 200 2ms
