2025-07-03 02:20:52 [error]: Erro na aplicação: secret option required for sessions
Error: secret option required for sessions
    at session (/app/node_modules/express-session/index.js:204:12)
    at Layer.handleRequest (/app/node_modules/router/lib/layer.js:152:17)
    at trimPrefix (/app/node_modules/router/index.js:342:13)
    at /app/node_modules/router/index.js:297:9
    at processParams (/app/node_modules/router/index.js:582:12)
    at next (/app/node_modules/router/index.js:291:5)
    at cookieParser (/app/node_modules/cookie-parser/index.js:46:14)
    at Layer.handleRequest (/app/node_modules/router/lib/layer.js:152:17)
    at trimPrefix (/app/node_modules/router/index.js:342:13)
    at /app/node_modules/router/index.js:297:9
2025-07-03 02:21:29 [error]: Erro na aplicação: secret option required for sessions
Error: secret option required for sessions
    at session (/app/node_modules/express-session/index.js:204:12)
    at Layer.handleRequest (/app/node_modules/router/lib/layer.js:152:17)
    at trimPrefix (/app/node_modules/router/index.js:342:13)
    at /app/node_modules/router/index.js:297:9
    at processParams (/app/node_modules/router/index.js:582:12)
    at next (/app/node_modules/router/index.js:291:5)
    at cookieParser (/app/node_modules/cookie-parser/index.js:46:14)
    at Layer.handleRequest (/app/node_modules/router/lib/layer.js:152:17)
    at trimPrefix (/app/node_modules/router/index.js:342:13)
    at /app/node_modules/router/index.js:297:9
2025-07-03 02:21:29 [error]: Erro na aplicação: secret option required for sessions
Error: secret option required for sessions
    at session (/app/node_modules/express-session/index.js:204:12)
    at Layer.handleRequest (/app/node_modules/router/lib/layer.js:152:17)
    at trimPrefix (/app/node_modules/router/index.js:342:13)
    at /app/node_modules/router/index.js:297:9
    at processParams (/app/node_modules/router/index.js:582:12)
    at next (/app/node_modules/router/index.js:291:5)
    at cookieParser (/app/node_modules/cookie-parser/index.js:46:14)
    at Layer.handleRequest (/app/node_modules/router/lib/layer.js:152:17)
    at trimPrefix (/app/node_modules/router/index.js:342:13)
    at /app/node_modules/router/index.js:297:9
2025-07-03 02:21:37 [error]: Erro na aplicação: secret option required for sessions
Error: secret option required for sessions
    at session (/app/node_modules/express-session/index.js:204:12)
    at Layer.handleRequest (/app/node_modules/router/lib/layer.js:152:17)
    at trimPrefix (/app/node_modules/router/index.js:342:13)
    at /app/node_modules/router/index.js:297:9
    at processParams (/app/node_modules/router/index.js:582:12)
    at next (/app/node_modules/router/index.js:291:5)
    at cookieParser (/app/node_modules/cookie-parser/index.js:46:14)
    at Layer.handleRequest (/app/node_modules/router/lib/layer.js:152:17)
    at trimPrefix (/app/node_modules/router/index.js:342:13)
    at /app/node_modules/router/index.js:297:9
2025-07-03 02:22:36 [error]: Erro na aplicação: secret option required for sessions
Error: secret option required for sessions
    at session (/app/node_modules/express-session/index.js:204:12)
    at Layer.handleRequest (/app/node_modules/router/lib/layer.js:152:17)
    at trimPrefix (/app/node_modules/router/index.js:342:13)
    at /app/node_modules/router/index.js:297:9
    at processParams (/app/node_modules/router/index.js:582:12)
    at next (/app/node_modules/router/index.js:291:5)
    at cookieParser (/app/node_modules/cookie-parser/index.js:46:14)
    at Layer.handleRequest (/app/node_modules/router/lib/layer.js:152:17)
    at trimPrefix (/app/node_modules/router/index.js:342:13)
    at /app/node_modules/router/index.js:297:9
2025-07-03 02:24:57 [error]: Erro na aplicação: secret option required for sessions
Error: secret option required for sessions
    at session (/app/node_modules/express-session/index.js:204:12)
    at Layer.handleRequest (/app/node_modules/router/lib/layer.js:152:17)
    at trimPrefix (/app/node_modules/router/index.js:342:13)
    at /app/node_modules/router/index.js:297:9
    at processParams (/app/node_modules/router/index.js:582:12)
    at next (/app/node_modules/router/index.js:291:5)
    at cookieParser (/app/node_modules/cookie-parser/index.js:46:14)
    at Layer.handleRequest (/app/node_modules/router/lib/layer.js:152:17)
    at trimPrefix (/app/node_modules/router/index.js:342:13)
    at /app/node_modules/router/index.js:297:9
2025-07-03 02:24:57 [error]: Erro na aplicação: secret option required for sessions
Error: secret option required for sessions
    at session (/app/node_modules/express-session/index.js:204:12)
    at Layer.handleRequest (/app/node_modules/router/lib/layer.js:152:17)
    at trimPrefix (/app/node_modules/router/index.js:342:13)
    at /app/node_modules/router/index.js:297:9
    at processParams (/app/node_modules/router/index.js:582:12)
    at next (/app/node_modules/router/index.js:291:5)
    at cookieParser (/app/node_modules/cookie-parser/index.js:46:14)
    at Layer.handleRequest (/app/node_modules/router/lib/layer.js:152:17)
    at trimPrefix (/app/node_modules/router/index.js:342:13)
    at /app/node_modules/router/index.js:297:9
2025-07-03 02:25:00 [error]: Erro na aplicação: secret option required for sessions
Error: secret option required for sessions
    at session (/app/node_modules/express-session/index.js:204:12)
    at Layer.handleRequest (/app/node_modules/router/lib/layer.js:152:17)
    at trimPrefix (/app/node_modules/router/index.js:342:13)
    at /app/node_modules/router/index.js:297:9
    at processParams (/app/node_modules/router/index.js:582:12)
    at next (/app/node_modules/router/index.js:291:5)
    at cookieParser (/app/node_modules/cookie-parser/index.js:46:14)
    at Layer.handleRequest (/app/node_modules/router/lib/layer.js:152:17)
    at trimPrefix (/app/node_modules/router/index.js:342:13)
    at /app/node_modules/router/index.js:297:9
2025-07-03 02:25:06 [error]: Erro na aplicação: secret option required for sessions
Error: secret option required for sessions
    at session (/app/node_modules/express-session/index.js:204:12)
    at Layer.handleRequest (/app/node_modules/router/lib/layer.js:152:17)
    at trimPrefix (/app/node_modules/router/index.js:342:13)
    at /app/node_modules/router/index.js:297:9
    at processParams (/app/node_modules/router/index.js:582:12)
    at next (/app/node_modules/router/index.js:291:5)
    at cookieParser (/app/node_modules/cookie-parser/index.js:46:14)
    at Layer.handleRequest (/app/node_modules/router/lib/layer.js:152:17)
    at trimPrefix (/app/node_modules/router/index.js:342:13)
    at /app/node_modules/router/index.js:297:9
2025-07-03 02:25:37 [error]: Erro na aplicação: secret option required for sessions
Error: secret option required for sessions
    at session (/app/node_modules/express-session/index.js:204:12)
    at Layer.handleRequest (/app/node_modules/router/lib/layer.js:152:17)
    at trimPrefix (/app/node_modules/router/index.js:342:13)
    at /app/node_modules/router/index.js:297:9
    at processParams (/app/node_modules/router/index.js:582:12)
    at next (/app/node_modules/router/index.js:291:5)
    at cookieParser (/app/node_modules/cookie-parser/index.js:46:14)
    at Layer.handleRequest (/app/node_modules/router/lib/layer.js:152:17)
    at trimPrefix (/app/node_modules/router/index.js:342:13)
    at /app/node_modules/router/index.js:297:9
2025-07-03 02:26:03 [error]: Erro na aplicação: secret option required for sessions
Error: secret option required for sessions
    at session (/app/node_modules/express-session/index.js:204:12)
    at Layer.handleRequest (/app/node_modules/router/lib/layer.js:152:17)
    at trimPrefix (/app/node_modules/router/index.js:342:13)
    at /app/node_modules/router/index.js:297:9
    at processParams (/app/node_modules/router/index.js:582:12)
    at next (/app/node_modules/router/index.js:291:5)
    at cookieParser (/app/node_modules/cookie-parser/index.js:46:14)
    at Layer.handleRequest (/app/node_modules/router/lib/layer.js:152:17)
    at trimPrefix (/app/node_modules/router/index.js:342:13)
    at /app/node_modules/router/index.js:297:9
2025-07-03 02:26:56 [error]: Erro na aplicação: secret option required for sessions
Error: secret option required for sessions
    at session (/app/node_modules/express-session/index.js:204:12)
    at Layer.handleRequest (/app/node_modules/router/lib/layer.js:152:17)
    at trimPrefix (/app/node_modules/router/index.js:342:13)
    at /app/node_modules/router/index.js:297:9
    at processParams (/app/node_modules/router/index.js:582:12)
    at next (/app/node_modules/router/index.js:291:5)
    at cookieParser (/app/node_modules/cookie-parser/index.js:46:14)
    at Layer.handleRequest (/app/node_modules/router/lib/layer.js:152:17)
    at trimPrefix (/app/node_modules/router/index.js:342:13)
    at /app/node_modules/router/index.js:297:9
